#
# There is insufficient memory for the Java Runtime Environment to continue.
# Native memory allocation (mmap) failed to map 257949696 bytes for G1 virtual space
# Possible reasons:
#   The system is out of physical RAM or swap space
#   The process is running with CompressedOops enabled, and the Java Heap may be blocking the growth of the native heap
# Possible solutions:
#   Reduce memory load on the system
#   Increase physical memory or swap space
#   Check if swap backing store is full
#   Decrease Java heap size (-Xmx/-Xms)
#   Decrease number of Java threads
#   Decrease Java thread stack sizes (-Xss)
#   Set larger code cache with -XX:ReservedCodeCacheSize=
#   JVM is running with Zero Based Compressed Oops mode in which the Java heap is
#     placed in the first 32GB address space. The Java Heap base address is the
#     maximum limit for the native heap growth. Please use -XX:HeapBaseMinAddress
#     to set the Java Heap base and to place the Java Heap above 32GB virtual address.
# This output file may be truncated or incomplete.
#
#  Out of Memory Error (os_windows.cpp:3548), pid=16564, tid=23856
#
# JRE version:  (17.0.11+7) (build )
# Java VM: Java HotSpot(TM) 64-Bit Server VM (17.0.11+7-LTS-207, mixed mode, sharing, tiered, compressed oops, compressed class ptrs, g1 gc, windows-amd64)
# No core dump will be written. Minidumps are not enabled by default on client versions of Windows
#

---------------  S U M M A R Y ------------

Command Line: -Dclassworlds.conf=C:\Users\YMZYYQX\.m2\wrapper\dists\apache-maven-3.9.14\ed7edd442f634ac1c1ef5ba2b61b6d690b5221091f1a8e1123f5fadcc967520d\bin\m2.conf -Dmaven.home=C:\Users\YMZYYQX\.m2\wrapper\dists\apache-maven-3.9.14\ed7edd442f634ac1c1ef5ba2b61b6d690b5221091f1a8e1123f5fadcc967520d -Dlibrary.jansi.path=C:\Users\YMZYYQX\.m2\wrapper\dists\apache-maven-3.9.14\ed7edd442f634ac1c1ef5ba2b61b6d690b5221091f1a8e1123f5fadcc967520d\lib\jansi-native -Dmaven.multiModuleProjectDirectory=D:\XF\backend1\backend org.codehaus.plexus.classworlds.launcher.Launcher clean compile -q

Host: AMD Ryzen 7 4700U with Radeon Graphics         , 8 cores, 15G,  Windows 11 , 64 bit Build 22621 (10.0.22621.6491)
Time: Sun Mar 29 20:03:21 2026  Windows 11 , 64 bit Build 22621 (10.0.22621.6491) elapsed time: 0.013571 seconds (0d 0h 0m 0s)

---------------  T H R E A D  ---------------

Current thread (0x00000245a0db5840):  JavaThread "Unknown thread" [_thread_in_vm, id=23856, stack(0x000000f2a4e00000,0x000000f2a4f00000)]

Stack: [0x000000f2a4e00000,0x000000f2a4f00000]
Native frames: (J=compiled Java code, j=interpreted, Vv=VM code, C=native code)
V  [jvm.dll+0x679cca]
V  [jvm.dll+0x7da13d]
V  [jvm.dll+0x7dba83]
V  [jvm.dll+0x7dc0f3]
V  [jvm.dll+0x2449af]
V  [jvm.dll+0x676ce9]
V  [jvm.dll+0x66b852]
V  [jvm.dll+0x3018d6]
V  [jvm.dll+0x308e76]
V  [jvm.dll+0x3596ee]
V  [jvm.dll+0x35991f]
V  [jvm.dll+0x2d89a8]
V  [jvm.dll+0x2d9914]
V  [jvm.dll+0x7ac6b1]
V  [jvm.dll+0x366f61]
V  [jvm.dll+0x78b609]
V  [jvm.dll+0x3ec22f]
V  [jvm.dll+0x3ede61]
C  [jli.dll+0x5297]
C  [ucrtbase.dll+0x29333]
C  [KERNEL32.DLL+0x1259d]
C  [ntdll.dll+0x5afb8]


---------------  P R O C E S S  ---------------

Threads class SMR info:
_java_thread_list=0x00007fffa0557a18, length=0, elements={
}

Java Threads: ( => current thread )

Other Threads:
  0x00000245a0e1ff20 GCTaskThread "GC Thread#0" [stack: 0x000000f2a4f00000,0x000000f2a5000000] [id=26576]
  0x00000245a0e31380 ConcurrentGCThread "G1 Main Marker" [stack: 0x000000f2a5000000,0x000000f2a5100000] [id=16960]
  0x00000245a0e32ca0 ConcurrentGCThread "G1 Conc#0" [stack: 0x000000f2a5100000,0x000000f2a5200000] [id=5140]

[error occurred during error reporting (printing all threads), id 0xc0000005, EXCEPTION_ACCESS_VIOLATION (0xc0000005) at pc=0x00007fff9fd89497]

VM state: not at safepoint (not fully initialized)

VM Mutex/Monitor currently owned by a thread:  ([mutex/lock_event])
[0x00000245a0db1820] Heap_lock - owner thread: 0x00000245a0db5840

Heap address: 0x000000070a000000, size: 3936 MB, Compressed Oops mode: Zero based, Oop shift amount: 3

CDS archive(s) mapped at: [0x0000000000000000-0x0000000000000000-0x0000000000000000), size 0, SharedBaseAddress: 0x0000000800000000, ArchiveRelocationMode: 1.
Narrow klass base: 0x0000000000000000, Narrow klass shift: 0, Narrow klass range: 0x0

GC Precious Log:
<Empty>

Heap:
 garbage-first heap   total 0K, used 0K [0x000000070a000000, 0x0000000800000000)
  region size 2048K, 0 young (0K), 0 survivors (0K)

[error occurred during error reporting (printing heap information), id 0xc0000005, EXCEPTION_ACCESS_VIOLATION (0xc0000005) at pc=0x00007fffa0173559]

GC Heap History (0 events):
No events

Deoptimization events (0 events):
No events

Classes unloaded (0 events):
No events

Classes redefined (0 events):
No events

Internal exceptions (0 events):
No events

VM Operations (0 events):
No events

Events (1 events):
Event: 0.010 Loaded shared library D:\JDK\bin\java.dll


Dynamic libraries:
0x00007ff71dcd0000 - 0x00007ff71dce0000 	D:\JDK\bin\java.exe
0x00007ff803cd0000 - 0x00007ff803ee8000 	C:\WINDOWS\SYSTEM32\ntdll.dll
0x00007ff802e00000 - 0x00007ff802ec4000 	C:\WINDOWS\System32\KERNEL32.DLL
0x00007ff801490000 - 0x00007ff801857000 	C:\WINDOWS\System32\KERNELBASE.dll
0x00007ff801860000 - 0x00007ff801971000 	C:\WINDOWS\System32\ucrtbase.dll
0x00007ffff1110000 - 0x00007ffff1129000 	D:\JDK\bin\jli.dll
0x00007ffff12f0000 - 0x00007ffff130b000 	D:\JDK\bin\VCRUNTIME140.dll
0x00007ff802ed0000 - 0x00007ff802f81000 	C:\WINDOWS\System32\ADVAPI32.dll
0x00007ff8024a0000 - 0x00007ff802547000 	C:\WINDOWS\System32\msvcrt.dll
0x00007ff8039f0000 - 0x00007ff803a98000 	C:\WINDOWS\System32\sechost.dll
0x00007ff800e00000 - 0x00007ff800e28000 	C:\WINDOWS\System32\bcrypt.dll
0x00007ff803880000 - 0x00007ff803998000 	C:\WINDOWS\System32\RPCRT4.dll
0x00007ff802040000 - 0x00007ff8021f1000 	C:\WINDOWS\System32\USER32.dll
0x00007ff8010e0000 - 0x00007ff801106000 	C:\WINDOWS\System32\win32u.dll
0x00007ff801f60000 - 0x00007ff801f89000 	C:\WINDOWS\System32\GDI32.dll
0x00007fffecba0000 - 0x00007fffece3c000 	C:\WINDOWS\WinSxS\amd64_microsoft.windows.common-controls_6595b64144ccf1df_6.0.22621.6060_none_2712eda17382d24b\COMCTL32.dll
0x00007ff801110000 - 0x00007ff80122b000 	C:\WINDOWS\System32\gdi32full.dll
0x00007ff8012b0000 - 0x00007ff80134a000 	C:\WINDOWS\System32\msvcp_win.dll
0x00007ffff52d0000 - 0x00007ffff52da000 	C:\WINDOWS\SYSTEM32\VERSION.dll
0x00007ff8039b0000 - 0x00007ff8039e1000 	C:\WINDOWS\System32\IMM32.DLL
0x00007ffff12e0000 - 0x00007ffff12ec000 	D:\JDK\bin\vcruntime140_1.dll
0x00007fffb0920000 - 0x00007fffb09ae000 	D:\JDK\bin\msvcp140.dll
0x00007fff9faa0000 - 0x00007fffa0680000 	D:\JDK\bin\server\jvm.dll
0x00007ff801f50000 - 0x00007ff801f58000 	C:\WINDOWS\System32\PSAPI.DLL
0x00007ffffd830000 - 0x00007ffffd864000 	C:\WINDOWS\SYSTEM32\WINMM.dll
0x00007ffffae60000 - 0x00007ffffae69000 	C:\WINDOWS\SYSTEM32\WSOCK32.dll
0x00007ff801fb0000 - 0x00007ff802021000 	C:\WINDOWS\System32\WS2_32.dll
0x00007fffffdd0000 - 0x00007fffffde8000 	C:\WINDOWS\SYSTEM32\kernel.appcore.dll
0x00007ffff1100000 - 0x00007ffff110a000 	D:\JDK\bin\jimage.dll
0x00007ffffe390000 - 0x00007ffffe5c3000 	C:\WINDOWS\SYSTEM32\DBGHELP.DLL
0x00007ff801b40000 - 0x00007ff801ed1000 	C:\WINDOWS\System32\combase.dll
0x00007ff803bb0000 - 0x00007ff803c88000 	C:\WINDOWS\System32\OLEAUT32.dll
0x00007fffe6fa0000 - 0x00007fffe6fd2000 	C:\WINDOWS\SYSTEM32\dbgcore.DLL
0x00007ff801350000 - 0x00007ff8013cb000 	C:\WINDOWS\System32\bcryptPrimitives.dll
0x00007ffff10d0000 - 0x00007ffff10f5000 	D:\JDK\bin\java.dll

dbghelp: loaded successfully - version: 4.0.5 - missing functions: none
symbol engine: initialized successfully - sym options: 0x614 - pdb path: .;D:\JDK\bin;C:\WINDOWS\SYSTEM32;C:\WINDOWS\WinSxS\amd64_microsoft.windows.common-controls_6595b64144ccf1df_6.0.22621.6060_none_2712eda17382d24b;D:\JDK\bin\server

VM Arguments:
jvm_args: -Dclassworlds.conf=C:\Users\YMZYYQX\.m2\wrapper\dists\apache-maven-3.9.14\ed7edd442f634ac1c1ef5ba2b61b6d690b5221091f1a8e1123f5fadcc967520d\bin\m2.conf -Dmaven.home=C:\Users\YMZYYQX\.m2\wrapper\dists\apache-maven-3.9.14\ed7edd442f634ac1c1ef5ba2b61b6d690b5221091f1a8e1123f5fadcc967520d -Dlibrary.jansi.path=C:\Users\YMZYYQX\.m2\wrapper\dists\apache-maven-3.9.14\ed7edd442f634ac1c1ef5ba2b61b6d690b5221091f1a8e1123f5fadcc967520d\lib\jansi-native -Dmaven.multiModuleProjectDirectory=D:\XF\backend1\backend 
java_command: org.codehaus.plexus.classworlds.launcher.Launcher clean compile -q
java_class_path (initial): C:\Users\YMZYYQX\.m2\wrapper\dists\apache-maven-3.9.14\ed7edd442f634ac1c1ef5ba2b61b6d690b5221091f1a8e1123f5fadcc967520d\boot\plexus-classworlds-2.9.0.jar
Launcher Type: SUN_STANDARD

[Global flags]
     intx CICompilerCount                          = 4                                         {product} {ergonomic}
     uint ConcGCThreads                            = 2                                         {product} {ergonomic}
     uint G1ConcRefinementThreads                  = 8                                         {product} {ergonomic}
   size_t G1HeapRegionSize                         = 2097152                                   {product} {ergonomic}
    uintx GCDrainStackTargetSize                   = 64                                        {product} {ergonomic}
   size_t InitialHeapSize                          = 257949696                                 {product} {ergonomic}
   size_t MarkStackSize                            = 4194304                                   {product} {ergonomic}
   size_t MaxHeapSize                              = 4127195136                                {product} {ergonomic}
   size_t MinHeapDeltaBytes                        = 2097152                                   {product} {ergonomic}
   size_t MinHeapSize                              = 8388608                                   {product} {ergonomic}
    uintx NonNMethodCodeHeapSize                   = 5839372                                {pd product} {ergonomic}
    uintx NonProfiledCodeHeapSize                  = 122909434                              {pd product} {ergonomic}
    uintx ProfiledCodeHeapSize                     = 122909434                              {pd product} {ergonomic}
    uintx ReservedCodeCacheSize                    = 251658240                              {pd product} {ergonomic}
     bool SegmentedCodeCache                       = true                                      {product} {ergonomic}
   size_t SoftMaxHeapSize                          = 4127195136                             {manageable} {ergonomic}
     bool UseCompressedClassPointers               = true                           {product lp64_product} {ergonomic}
     bool UseCompressedOops                        = true                           {product lp64_product} {ergonomic}
     bool UseG1GC                                  = true                                      {product} {ergonomic}
     bool UseLargePagesIndividualAllocation        = false                                  {pd product} {ergonomic}

Logging:
Log output configuration:
 #0: stdout all=warning uptime,level,tags
 #1: stderr all=off uptime,level,tags

Environment Variables:
JAVA_HOME=D:\JDK
PATH=D:\JDK\bin;C:\Program Files (x86)\Common Files\Oracle\Java\javapath;D:\MSMPI\Bin\;C:\WINDOWS\system32;C:\WINDOWS;C:\WINDOWS\System32\Wbem;C:\WINDOWS\System32\WindowsPowerShell\v1.0\;C:\WINDOWS\System32\OpenSSH\;D:\MinGW\mingw64\bin;D:\JavawebDownload\mysql-9.0.1-winx64\bin;D:\JavawebDownload\apache-maven-3.9.9\bin;D;\ą¤ľß\SQL SERVER\Program Files\Shared Function Catalog\140\Tools\Binn\;D;\ą¤ľß\SQL SERVER\Program Files\Shared Function Catalog(x86)\140\DTS\Binn\;D;\ą¤ľß\SQL SERVER\Program Files\Shared Function Catalog\140\DTS\Binn\;D;\ą¤ľß\SQL SERVER\Program Files\Shared Function Catalog\Client SDK\ODBC\130\Tools\Binn\;D;\ą¤ľß\SQL SERVER\Program Files\Shared Function Catalog(x86)\Client SDK\ODBC\130\Tools\Binn\;D;\ą¤ľß\SQL SERVER\Program Files\Shared Function Catalog(x86)\140\Tools\Binn\ManagementStudio\;D:\ą¤ľß\Git\cmd;D:\ą¤ľß\Î˘ĐĹwebżŞ·˘Őßą¤ľß\dll;D:\Tools\node.js\;D:\Tools\node.js\node_global\node_modules;D:\Tools\Xftp\;D:\Tools\Anaconda\Scripts;D:\Tools\Anaconda\Library\mingw-w64\bin;D:\Tools\Anaconda\Library\bin;D:\Tools\LaTex\texlive\2025\bin\windows;D:\Tools\ffmpeg-7.1.1-essentials_build\bin;D:\VS\BuildTools\VC\Tools\MSVC\14.44.35207\bin\HostX64\x64;D:\Python\python\Scripts\;D:\Python\python\;C:\Users\YMZYYQX\AppData\Local\Microsoft\WindowsApps;D:\Python\Pycharm CE\bin;;D:\ÂąÂ¤ÂľĂź\cpolar\;D:\Tools\node.js\node_global;D:\Tools\LaTex\texlive\2025\bin\win;C:\Users\YMZYYQX\AppData\Local\Microsoft\WinGet\Packages\astral-sh.uv_Microsoft.Winget.Source_8wekyb3d8bbwe;D:\VSCode\Microsoft VS Code\bin;%DevEcoStudio%;
USERNAME=YMZYYQX
OS=Windows_NT
PROCESSOR_IDENTIFIER=AMD64 Family 23 Model 96 Stepping 1, AuthenticAMD



---------------  S Y S T E M  ---------------

OS:
 Windows 11 , 64 bit Build 22621 (10.0.22621.6491)
OS uptime: 10 days 0:22 hours

CPU: total 8 (initial active 8) (8 cores per cpu, 1 threads per core) family 23 model 96 stepping 1 microcode 0x0, cx8, cmov, fxsr, mmx, 3dnowpref, sse, sse2, sse3, ssse3, sse4a, sse4.1, sse4.2, popcnt, lzcnt, tsc, tscinvbit, avx, avx2, aes, clmul, bmi1, bmi2, adx, sha, fma, vzeroupper, clflush, clflushopt

Memory: 4k page, system-wide physical 15741M (2805M free)
TotalPageFile size 18671M (AvailPageFile size 153M)
current process WorkingSet (physical memory assigned to process): 11M, peak: 11M
current process commit charge ("private bytes"): 60M, peak: 306M

vm_info: Java HotSpot(TM) 64-Bit Server VM (17.0.11+7-LTS-207) for windows-amd64 JRE (17.0.11+7-LTS-207), built on Mar 11 2024 19:01:50 by "mach5one" with MS VC++ 17.6 (VS2022)

END.
